<?xml version="1.0" encoding="UTF-8"?>
<testsuite name="com.prash.add.AddTest" tests="4" skipped="0" failures="0" errors="0" timestamp="2018-04-27T00:58:35" hostname="MACLTUS49928" time="0.402">
  <properties/>
  <testcase name="testAddParamStyle" classname="com.prash.add.AddTest" time="0.214"/>
  <testcase name="testAddOk" classname="com.prash.add.AddTest" time="0.005"/>
  <testcase name="testAddPathStyle" classname="com.prash.add.AddTest" time="0.008"/>
  <testcase name="testAddJSONStyle" classname="com.prash.add.AddTest" time="0.173"/>
  <system-out><![CDATA[20:58:32.487 [Test worker] DEBUG org.springframework.test.context.junit4.SpringJUnit4ClassRunner - SpringJUnit4ClassRunner constructor called with [class com.prash.add.AddTest]
20:58:32.497 [Test worker] DEBUG org.springframework.test.context.BootstrapUtils - Instantiating CacheAwareContextLoaderDelegate from class [org.springframework.test.context.cache.DefaultCacheAwareContextLoaderDelegate]
20:58:32.514 [Test worker] DEBUG org.springframework.test.context.BootstrapUtils - Instantiating BootstrapContext using constructor [public org.springframework.test.context.support.DefaultBootstrapContext(java.lang.Class,org.springframework.test.context.CacheAwareContextLoaderDelegate)]
20:58:32.532 [Test worker] DEBUG org.springframework.test.context.BootstrapUtils - Instantiating TestContextBootstrapper for test class [com.prash.add.AddTest] from class [org.springframework.boot.test.autoconfigure.web.servlet.WebMvcTestContextBootstrapper]
20:58:32.554 [Test worker] INFO org.springframework.boot.test.autoconfigure.web.servlet.WebMvcTestContextBootstrapper - Neither @ContextConfiguration nor @ContextHierarchy found for test class [com.prash.add.AddTest], using SpringBootContextLoader
20:58:32.558 [Test worker] DEBUG org.springframework.test.context.support.AbstractContextLoader - Did not detect default resource location for test class [com.prash.add.AddTest]: class path resource [com/prash/add/AddTest-context.xml] does not exist
20:58:32.558 [Test worker] DEBUG org.springframework.test.context.support.AbstractContextLoader - Did not detect default resource location for test class [com.prash.add.AddTest]: class path resource [com/prash/add/AddTestContext.groovy] does not exist
20:58:32.559 [Test worker] INFO org.springframework.test.context.support.AbstractContextLoader - Could not detect default resource locations for test class [com.prash.add.AddTest]: no resource found for suffixes {-context.xml, Context.groovy}.
20:58:32.560 [Test worker] INFO org.springframework.test.context.support.AnnotationConfigContextLoaderUtils - Could not detect default configuration classes for test class [com.prash.add.AddTest]: AddTest does not declare any static, non-private, non-final, nested classes annotated with @Configuration.
20:58:32.620 [Test worker] DEBUG org.springframework.test.context.support.ActiveProfilesUtils - Could not find an 'annotation declaring class' for annotation type [org.springframework.test.context.ActiveProfiles] and class [com.prash.add.AddTest]
20:58:32.626 [Test worker] DEBUG org.springframework.core.env.StandardEnvironment - Adding PropertySource 'systemProperties' with lowest search precedence
20:58:32.626 [Test worker] DEBUG org.springframework.core.env.StandardEnvironment - Adding PropertySource 'systemEnvironment' with lowest search precedence
20:58:32.627 [Test worker] DEBUG org.springframework.core.env.StandardEnvironment - Initialized StandardEnvironment with PropertySources [MapPropertySource@500248002 {name='systemProperties', properties={java.runtime.name=Java(TM) SE Runtime Environment, sun.boot.library.path=/Library/Java/JavaVirtualMachines/jdk1.8.0_162.jdk/Contents/Home/jre/lib, java.vm.version=25.162-b12, gopherProxySet=false, java.vm.vendor=Oracle Corporation, java.vendor.url=http://java.oracle.com/, path.separator=:, java.vm.name=Java HotSpot(TM) 64-Bit Server VM, file.encoding.pkg=sun.io, sun.java.launcher=SUN_STANDARD, user.country=US, sun.os.patch.level=unknown, java.vm.specification.name=Java Virtual Machine Specification, user.dir=/Users/Prashanth/Documents/WORKSPACE/VSCODE-JAVA/calculator-add, java.runtime.version=1.8.0_162-b12, java.awt.graphicsenv=sun.awt.CGraphicsEnvironment, java.endorsed.dirs=/Library/Java/JavaVirtualMachines/jdk1.8.0_162.jdk/Contents/Home/jre/lib/endorsed, os.arch=x86_64, java.io.tmpdir=/var/folders/r1/k5q_0ctd51z7qnk_bc2ndlvc0000gs/T/, line.separator=
, java.vm.specification.vendor=Oracle Corporation, user.variant=, os.name=Mac OS X, sun.jnu.encoding=UTF-8, java.library.path=/Users/Prashanth/Library/Java/Extensions:/Library/Java/Extensions:/Network/Library/Java/Extensions:/System/Library/Java/Extensions:/usr/lib/java:., java.specification.name=Java Platform API Specification, java.class.version=52.0, org.gradle.native=false, sun.management.compiler=HotSpot 64-Bit Tiered Compilers, os.version=10.13.3, http.nonProxyHosts=local|*.local|169.254/16|*.169.254/16, user.home=/Users/Prashanth, user.timezone=America/New_York, java.awt.printerjob=sun.lwawt.macosx.CPrinterJob, file.encoding=UTF-8, java.specification.version=1.8, java.class.path=/Users/Prashanth/Documents/WORKSPACE/VSCODE-JAVA/calculator-add/build/classes/java/test:/Users/Prashanth/Documents/WORKSPACE/VSCODE-JAVA/calculator-add/build/resources/test:/Users/Prashanth/Documents/WORKSPACE/VSCODE-JAVA/calculator-add/build/classes/java/main:/Users/Prashanth/Documents/WORKSPACE/VSCODE-JAVA/calculator-add/build/resources/main:/Users/Prashanth/.gradle/caches/modules-2/files-2.1/org.springframework.boot/spring-boot-starter-web/2.0.0.RELEASE/fcb2a9e18f98382e626935841f85ed44d7153615/spring-boot-starter-web-2.0.0.RELEASE.jar:/Users/Prashanth/.gradle/caches/modules-2/files-2.1/org.springframework.boot/spring-boot-starter-test/2.0.0.RELEASE/4ff0e1d9bd315a4a5867e9c6128691cac8b37348/spring-boot-starter-test-2.0.0.RELEASE.jar:/Users/Prashanth/.gradle/caches/modules-2/files-2.1/org.springframework.boot/spring-boot-starter-json/2.0.0.RELEASE/5a09c939d8bd60d7f163c1c0c20a3127ba9fffa/spring-boot-starter-json-2.0.0.RELEASE.jar:/Users/Prashanth/.gradle/caches/modules-2/files-2.1/org.springframework.boot/spring-boot-starter/2.0.0.RELEASE/6d7d8e4bf053cd1833f3c7dbce676bc274f0892f/spring-boot-starter-2.0.0.RELEASE.jar:/Users/Prashanth/.gradle/caches/modules-2/files-2.1/org.springframework.boot/spring-boot-starter-tomcat/2.0.0.RELEASE/908bc9de1a7cfa857edf44182d426f6e0d8a3008/spring-boot-starter-tomcat-2.0.0.RELEASE.jar:/Users/Prashanth/.gradle/caches/modules-2/files-2.1/org.hibernate.validator/hibernate-validator/6.0.7.Final/8b9d9c7ec8c73963ea0fe81912fc67711a4ef76/hibernate-validator-6.0.7.Final.jar:/Users/Prashanth/.gradle/caches/modules-2/files-2.1/org.springframework/spring-webmvc/5.0.4.RELEASE/addcf1caa22613c474bd6dde8c7134fef940b1f0/spring-webmvc-5.0.4.RELEASE.jar:/Users/Prashanth/.gradle/caches/modules-2/files-2.1/org.springframework/spring-web/5.0.4.RELEASE/9565bbc67bf1a850a6505deaa5103931712a7b80/spring-web-5.0.4.RELEASE.jar:/Users/Prashanth/.gradle/caches/modules-2/files-2.1/org.springframework.boot/spring-boot-test-autoconfigure/2.0.0.RELEASE/db0595321e96929d9473cf061f3408972d03c6aa/spring-boot-test-autoconfigure-2.0.0.RELEASE.jar:/Users/Prashanth/.gradle/caches/modules-2/files-2.1/org.springframework.boot/spring-boot-test/2.0.0.RELEASE/1565e78c2801bd3c7ece0a8ddc08e5ed53676878/spring-boot-test-2.0.0.RELEASE.jar:/Users/Prashanth/.gradle/caches/modules-2/files-2.1/com.jayway.jsonpath/json-path/2.4.0/765a4401ceb2dc8d40553c2075eb80a8fa35c2ae/json-path-2.4.0.jar:/Users/Prashanth/.gradle/caches/modules-2/files-2.1/junit/junit/4.12/2973d150c0dc1fefe998f834810d68f278ea58ec/junit-4.12.jar:/Users/Prashanth/.gradle/caches/modules-2/files-2.1/org.assertj/assertj-core/3.9.1/c5ce126b15f28d56cd8f960c1a6a058b9c9aea87/assertj-core-3.9.1.jar:/Users/Prashanth/.gradle/caches/modules-2/files-2.1/org.mockito/mockito-core/2.15.0/b84bfbbc29cd22c9529409627af6ea2897f4fa85/mockito-core-2.15.0.jar:/Users/Prashanth/.gradle/caches/modules-2/files-2.1/org.hamcrest/hamcrest-library/1.3/4785a3c21320980282f9f33d0d1264a69040538f/hamcrest-library-1.3.jar:/Users/Prashanth/.gradle/caches/modules-2/files-2.1/org.hamcrest/hamcrest-core/1.3/42a25dc3219429f0e5d060061f71acb49bf010a0/hamcrest-core-1.3.jar:/Users/Prashanth/.gradle/caches/modules-2/files-2.1/org.skyscreamer/jsonassert/1.5.0/6c9d5fe2f59da598d9aefc1cfc6528ff3cf32df3/jsonassert-1.5.0.jar:/Users/Prashanth/.gradle/caches/modules-2/files-2.1/org.springframework/spring-test/5.0.4.RELEASE/3fc10b6535a113593fa8780951465012a7677e21/spring-test-5.0.4.RELEASE.jar:/Users/Prashanth/.gradle/caches/modules-2/files-2.1/org.springframework.boot/spring-boot-autoconfigure/2.0.0.RELEASE/c89896a469ecf92996ecba40755919896ace5470/spring-boot-autoconfigure-2.0.0.RELEASE.jar:/Users/Prashanth/.gradle/caches/modules-2/files-2.1/org.springframework.boot/spring-boot/2.0.0.RELEASE/771da2071ff14a47f108642a641c204ae4ef7b15/spring-boot-2.0.0.RELEASE.jar:/Users/Prashanth/.gradle/caches/modules-2/files-2.1/org.springframework/spring-context/5.0.4.RELEASE/3e76d08c851113077642c5704f0f94d5ce58e905/spring-context-5.0.4.RELEASE.jar:/Users/Prashanth/.gradle/caches/modules-2/files-2.1/org.springframework/spring-expression/5.0.4.RELEASE/4bda161f2e34c1486f2527a23eb47293567f473c/spring-expression-5.0.4.RELEASE.jar:/Users/Prashanth/.gradle/caches/modules-2/files-2.1/org.springframework/spring-aop/5.0.4.RELEASE/f8e029e54c0267dadb6b9f713f3feb54ec4f3a0e/spring-aop-5.0.4.RELEASE.jar:/Users/Prashanth/.gradle/caches/modules-2/files-2.1/org.springframework/spring-beans/5.0.4.RELEASE/7a8c3d48d4c33621e64d1399721d8e067450fcbd/spring-beans-5.0.4.RELEASE.jar:/Users/Prashanth/.gradle/caches/modules-2/files-2.1/org.springframework/spring-core/5.0.4.RELEASE/2221a957b5561a34f044350ba4e30ef5870254a3/spring-core-5.0.4.RELEASE.jar:/Users/Prashanth/.gradle/caches/modules-2/files-2.1/org.xmlunit/xmlunit-core/2.5.1/4ffdb346572a7356f7521cd3119ce5287d2e339d/xmlunit-core-2.5.1.jar:/Users/Prashanth/.gradle/caches/modules-2/files-2.1/org.springframework.boot/spring-boot-starter-logging/2.0.0.RELEASE/fe939b71659ef1f98a53cce0b5bcf771685cf6a6/spring-boot-starter-logging-2.0.0.RELEASE.jar:/Users/Prashanth/.gradle/caches/modules-2/files-2.1/javax.annotation/javax.annotation-api/1.3.2/934c04d3cfef185a8008e7bf34331b79730a9d43/javax.annotation-api-1.3.2.jar:/Users/Prashanth/.gradle/caches/modules-2/files-2.1/org.yaml/snakeyaml/1.19/2d998d3d674b172a588e54ab619854d073f555b5/snakeyaml-1.19.jar:/Users/Prashanth/.gradle/caches/modules-2/files-2.1/com.fasterxml.jackson.datatype/jackson-datatype-jdk8/2.9.4/63ac052d52a70a15820d3dc07ea757826fd51d40/jackson-datatype-jdk8-2.9.4.jar:/Users/Prashanth/.gradle/caches/modules-2/files-2.1/com.fasterxml.jackson.datatype/jackson-datatype-jsr310/2.9.4/12d52679a6615c7972ea25bd8ebb60b191fe79b7/jackson-datatype-jsr310-2.9.4.jar:/Users/Prashanth/.gradle/caches/modules-2/files-2.1/com.fasterxml.jackson.module/jackson-module-parameter-names/2.9.4/5833c819877c3e85bad847f4d2fa4e70379217c6/jackson-module-parameter-names-2.9.4.jar:/Users/Prashanth/.gradle/caches/modules-2/files-2.1/com.fasterxml.jackson.core/jackson-databind/2.9.4/498bbc3b94f566982c7f7c6d4d303fce365529be/jackson-databind-2.9.4.jar:/Users/Prashanth/.gradle/caches/modules-2/files-2.1/org.apache.tomcat.embed/tomcat-embed-websocket/8.5.28/8a5a48740dd80cad644ceb541e77fd8e0809e3b7/tomcat-embed-websocket-8.5.28.jar:/Users/Prashanth/.gradle/caches/modules-2/files-2.1/org.apache.tomcat.embed/tomcat-embed-core/8.5.28/b684c98cf77c6528079c4e59fc1feeb218bf82f1/tomcat-embed-core-8.5.28.jar:/Users/Prashanth/.gradle/caches/modules-2/files-2.1/org.apache.tomcat.embed/tomcat-embed-el/8.5.28/75745598f60646ccf0c4b105468a9c8be9b8432e/tomcat-embed-el-8.5.28.jar:/Users/Prashanth/.gradle/caches/modules-2/files-2.1/javax.validation/validation-api/2.0.1.Final/cb855558e6271b1b32e716d24cb85c7f583ce09e/validation-api-2.0.1.Final.jar:/Users/Prashanth/.gradle/caches/modules-2/files-2.1/org.jboss.logging/jboss-logging/3.3.2.Final/3789d00e859632e6c6206adc0c71625559e6e3b0/jboss-logging-3.3.2.Final.jar:/Users/Prashanth/.gradle/caches/modules-2/files-2.1/com.fasterxml/classmate/1.3.4/3d5f48f10bbe4eb7bd862f10c0583be2e0053c6/classmate-1.3.4.jar:/Users/Prashanth/.gradle/caches/modules-2/files-2.1/net.minidev/json-smart/2.3/7396407491352ce4fa30de92efb158adb76b5b/json-smart-2.3.jar:/Users/Prashanth/.gradle/caches/modules-2/files-2.1/ch.qos.logback/logback-classic/1.2.3/7c4f3c474fb2c041d8028740440937705ebb473a/logback-classic-1.2.3.jar:/Users/Prashanth/.gradle/caches/modules-2/files-2.1/org.apache.logging.log4j/log4j-to-slf4j/2.10.0/f7e631ccf49cfc0aefa4a2a728da7d374c05bd3c/log4j-to-slf4j-2.10.0.jar:/Users/Prashanth/.gradle/caches/modules-2/files-2.1/org.slf4j/jul-to-slf4j/1.7.25/af5364cd6679bfffb114f0dec8a157aaa283b76/jul-to-slf4j-1.7.25.jar:/Users/Prashanth/.gradle/caches/modules-2/files-2.1/org.slf4j/slf4j-api/1.7.25/da76ca59f6a57ee3102f8f9bd9cee742973efa8a/slf4j-api-1.7.25.jar:/Users/Prashanth/.gradle/caches/modules-2/files-2.1/net.bytebuddy/byte-buddy/1.7.10/3c8ec287c0a5bd04b1e3f11723bc46a50346602b/byte-buddy-1.7.10.jar:/Users/Prashanth/.gradle/caches/modules-2/files-2.1/net.bytebuddy/byte-buddy-agent/1.7.10/9b092a8fb9112b89f6cb23fc929cfb931b14007b/byte-buddy-agent-1.7.10.jar:/Users/Prashanth/.gradle/caches/modules-2/files-2.1/org.objenesis/objenesis/2.6/639033469776fd37c08358c6b92a4761feb2af4b/objenesis-2.6.jar:/Users/Prashanth/.gradle/caches/modules-2/files-2.1/com.vaadin.external.google/android-json/0.0.20131108.vaadin1/fa26d351fe62a6a17f5cda1287c1c6110dec413f/android-json-0.0.20131108.vaadin1.jar:/Users/Prashanth/.gradle/caches/modules-2/files-2.1/org.springframework/spring-jcl/5.0.4.RELEASE/3053e2bad0a18571bdbb9596ce51f9d458f5934f/spring-jcl-5.0.4.RELEASE.jar:/Users/Prashanth/.gradle/caches/modules-2/files-2.1/com.fasterxml.jackson.core/jackson-annotations/2.9.0/7c10d545325e3a6e72e06381afe469fd40eb701/jackson-annotations-2.9.0.jar:/Users/Prashanth/.gradle/caches/modules-2/files-2.1/com.fasterxml.jackson.core/jackson-core/2.9.4/a9a71ec1aa37da47db168fede9a4a5fb5e374320/jackson-core-2.9.4.jar:/Users/Prashanth/.gradle/caches/modules-2/files-2.1/net.minidev/accessors-smart/1.2/c592b500269bfde36096641b01238a8350f8aa31/accessors-smart-1.2.jar:/Users/Prashanth/.gradle/caches/modules-2/files-2.1/ch.qos.logback/logback-core/1.2.3/864344400c3d4d92dfeb0a305dc87d953677c03c/logback-core-1.2.3.jar:/Users/Prashanth/.gradle/caches/modules-2/files-2.1/org.apache.logging.log4j/log4j-api/2.10.0/fec5797a55b786184a537abd39c3fa1449d752d6/log4j-api-2.10.0.jar:/Users/Prashanth/.gradle/caches/modules-2/files-2.1/org.ow2.asm/asm/5.0.4/da08b8cce7bbf903602a25a3a163ae252435795/asm-5.0.4.jar, user.name=Prashanth, java.vm.specification.version=1.8, sun.java.command=worker.org.gradle.process.internal.worker.GradleWorkerMain 'Gradle Test Executor 1', java.home=/Library/Java/JavaVirtualMachines/jdk1.8.0_162.jdk/Contents/Home/jre, sun.arch.data.model=64, user.language=en, java.specification.vendor=Oracle Corporation, awt.toolkit=sun.lwawt.macosx.LWCToolkit, java.vm.info=mixed mode, java.version=1.8.0_162, java.ext.dirs=/Users/Prashanth/Library/Java/Extensions:/Library/Java/JavaVirtualMachines/jdk1.8.0_162.jdk/Contents/Home/jre/lib/ext:/Library/Java/Extensions:/Network/Library/Java/Extensions:/System/Library/Java/Extensions:/usr/lib/java, sun.boot.class.path=/Library/Java/JavaVirtualMachines/jdk1.8.0_162.jdk/Contents/Home/jre/lib/resources.jar:/Library/Java/JavaVirtualMachines/jdk1.8.0_162.jdk/Contents/Home/jre/lib/rt.jar:/Library/Java/JavaVirtualMachines/jdk1.8.0_162.jdk/Contents/Home/jre/lib/sunrsasign.jar:/Library/Java/JavaVirtualMachines/jdk1.8.0_162.jdk/Contents/Home/jre/lib/jsse.jar:/Library/Java/JavaVirtualMachines/jdk1.8.0_162.jdk/Contents/Home/jre/lib/jce.jar:/Library/Java/JavaVirtualMachines/jdk1.8.0_162.jdk/Contents/Home/jre/lib/charsets.jar:/Library/Java/JavaVirtualMachines/jdk1.8.0_162.jdk/Contents/Home/jre/lib/jfr.jar:/Library/Java/JavaVirtualMachines/jdk1.8.0_162.jdk/Contents/Home/jre/classes, java.vendor=Oracle Corporation, org.gradle.test.worker=1, file.separator=/, java.vendor.url.bug=http://bugreport.sun.com/bugreport/, sun.io.unicode.encoding=UnicodeBig, sun.cpu.endian=little, socksNonProxyHosts=local|*.local|169.254/16|*.169.254/16, ftp.nonProxyHosts=local|*.local|169.254/16|*.169.254/16, sun.cpu.isalist=}}, SystemEnvironmentPropertySource@606049982 {name='systemEnvironment', properties={PATH=/usr/local/bin:/usr/bin:/bin:/usr/sbin:/sbin:/Users/Prashanth/Documents/SOFTWARE/apache-maven/bin:/opt/gradle/gradle-4.6/bin, JAVA_ARCH=x86_64, JAVA_MAIN_CLASS_82500=worker.org.gradle.process.internal.worker.GradleWorkerMain, TERM=xterm-256color, LANG=en_US.UTF-8, APP_NAME_82479=Gradle, LOGNAME=Prashanth, XPC_SERVICE_NAME=0, PWD=/Users/Prashanth/Documents/Workspace/VSCODE-JAVA/calculator-add, TERM_PROGRAM_VERSION=400, SHELL=/bin/bash, TERM_PROGRAM=Apple_Terminal, SECURITYSESSIONID=186a8, OLDPWD=/opt/gradle/gradle-4.6, USER=Prashanth, JAVA_MAIN_CLASS_82479=org.gradle.launcher.GradleMain, TMPDIR=/var/folders/r1/k5q_0ctd51z7qnk_bc2ndlvc0000gs/T/, SSH_AUTH_SOCK=/private/tmp/com.apple.launchd.jYm8GE2gmQ/Listeners, XPC_FLAGS=0x0, TERM_SESSION_ID=799A72BD-740D-4DD7-96DF-17CD8DE57CD9, __CF_USER_TEXT_ENCODING=0x1F9:0x0:0x0, Apple_PubSub_Socket_Render=/private/tmp/com.apple.launchd.9cFE9wVfJI/Render, com.apple.java.jvmTask=CommandLine, APP_ICON_82479=/opt/gradle/gradle-4.6/media/gradle.icns, SHLVL=1, HOME=/Users/Prashanth}}]
20:58:32.639 [Test worker] DEBUG org.springframework.core.io.support.PathMatchingResourcePatternResolver - Resolved classpath location [com/prash/add/] to resources [URL [file:/Users/Prashanth/Documents/WORKSPACE/VSCODE-JAVA/calculator-add/build/classes/java/test/com/prash/add/], URL [file:/Users/Prashanth/Documents/WORKSPACE/VSCODE-JAVA/calculator-add/build/classes/java/main/com/prash/add/]]
20:58:32.639 [Test worker] DEBUG org.springframework.core.io.support.PathMatchingResourcePatternResolver - Looking for matching resources in directory tree [/Users/Prashanth/Documents/WORKSPACE/VSCODE-JAVA/calculator-add/build/classes/java/test/com/prash/add]
20:58:32.640 [Test worker] DEBUG org.springframework.core.io.support.PathMatchingResourcePatternResolver - Searching directory [/Users/Prashanth/Documents/WORKSPACE/VSCODE-JAVA/calculator-add/build/classes/java/test/com/prash/add] for files matching pattern [/Users/Prashanth/Documents/WORKSPACE/VSCODE-JAVA/calculator-add/build/classes/java/test/com/prash/add/*.class]
20:58:32.642 [Test worker] DEBUG org.springframework.core.io.support.PathMatchingResourcePatternResolver - Looking for matching resources in directory tree [/Users/Prashanth/Documents/WORKSPACE/VSCODE-JAVA/calculator-add/build/classes/java/main/com/prash/add]
20:58:32.642 [Test worker] DEBUG org.springframework.core.io.support.PathMatchingResourcePatternResolver - Searching directory [/Users/Prashanth/Documents/WORKSPACE/VSCODE-JAVA/calculator-add/build/classes/java/main/com/prash/add] for files matching pattern [/Users/Prashanth/Documents/WORKSPACE/VSCODE-JAVA/calculator-add/build/classes/java/main/com/prash/add/*.class]
20:58:32.643 [Test worker] DEBUG org.springframework.core.io.support.PathMatchingResourcePatternResolver - Resolved location pattern [classpath*:com/prash/add/*.class] to resources [file [/Users/Prashanth/Documents/WORKSPACE/VSCODE-JAVA/calculator-add/build/classes/java/test/com/prash/add/AddTest.class], file [/Users/Prashanth/Documents/WORKSPACE/VSCODE-JAVA/calculator-add/build/classes/java/main/com/prash/add/Add.class], file [/Users/Prashanth/Documents/WORKSPACE/VSCODE-JAVA/calculator-add/build/classes/java/main/com/prash/add/AddDO.class]]
20:58:32.693 [Test worker] DEBUG org.springframework.context.annotation.ClassPathScanningCandidateComponentProvider - Identified candidate component class: file [/Users/Prashanth/Documents/WORKSPACE/VSCODE-JAVA/calculator-add/build/classes/java/main/com/prash/add/Add.class]
20:58:32.695 [Test worker] INFO org.springframework.boot.test.context.SpringBootTestContextBootstrapper - Found @SpringBootConfiguration com.prash.add.Add for test class com.prash.add.AddTest
20:58:32.697 [Test worker] DEBUG org.springframework.boot.test.autoconfigure.web.servlet.WebMvcTestContextBootstrapper - @TestExecutionListeners is not present for class [com.prash.add.AddTest]: using defaults.
20:58:32.698 [Test worker] INFO org.springframework.boot.test.autoconfigure.web.servlet.WebMvcTestContextBootstrapper - Loaded default TestExecutionListener class names from location [META-INF/spring.factories]: [org.springframework.boot.test.autoconfigure.restdocs.RestDocsTestExecutionListener, org.springframework.boot.test.autoconfigure.web.client.MockRestServiceServerResetTestExecutionListener, org.springframework.boot.test.autoconfigure.web.servlet.MockMvcPrintOnlyOnFailureTestExecutionListener, org.springframework.boot.test.autoconfigure.web.servlet.WebDriverTestExecutionListener, org.springframework.boot.test.mock.mockito.MockitoTestExecutionListener, org.springframework.boot.test.mock.mockito.ResetMocksTestExecutionListener, org.springframework.test.context.web.ServletTestExecutionListener, org.springframework.test.context.support.DirtiesContextBeforeModesTestExecutionListener, org.springframework.test.context.support.DependencyInjectionTestExecutionListener, org.springframework.test.context.support.DirtiesContextTestExecutionListener, org.springframework.test.context.transaction.TransactionalTestExecutionListener, org.springframework.test.context.jdbc.SqlScriptsTestExecutionListener]
20:58:32.713 [Test worker] DEBUG org.springframework.boot.test.autoconfigure.web.servlet.WebMvcTestContextBootstrapper - Skipping candidate TestExecutionListener [org.springframework.test.context.transaction.TransactionalTestExecutionListener] due to a missing dependency. Specify custom listener classes or make the default listener classes and their required dependencies available. Offending class: [org/springframework/transaction/interceptor/TransactionAttributeSource]
20:58:32.713 [Test worker] DEBUG org.springframework.boot.test.autoconfigure.web.servlet.WebMvcTestContextBootstrapper - Skipping candidate TestExecutionListener [org.springframework.test.context.jdbc.SqlScriptsTestExecutionListener] due to a missing dependency. Specify custom listener classes or make the default listener classes and their required dependencies available. Offending class: [org/springframework/transaction/interceptor/TransactionAttribute]
20:58:32.713 [Test worker] INFO org.springframework.boot.test.autoconfigure.web.servlet.WebMvcTestContextBootstrapper - Using TestExecutionListeners: [org.springframework.test.context.web.ServletTestExecutionListener@2fbdb29c, org.springframework.test.context.support.DirtiesContextBeforeModesTestExecutionListener@77a7f9dc, org.springframework.boot.test.mock.mockito.MockitoTestExecutionListener@5874fd6f, org.springframework.boot.test.autoconfigure.SpringBootDependencyInjectionTestExecutionListener@3c9b7448, org.springframework.test.context.support.DirtiesContextTestExecutionListener@7e700815, org.springframework.boot.test.autoconfigure.restdocs.RestDocsTestExecutionListener@36d1671e, org.springframework.boot.test.autoconfigure.web.client.MockRestServiceServerResetTestExecutionListener@49b17b2e, org.springframework.boot.test.autoconfigure.web.servlet.MockMvcPrintOnlyOnFailureTestExecutionListener@2e6f6f64, org.springframework.boot.test.autoconfigure.web.servlet.WebDriverTestExecutionListener@5021fa1c, org.springframework.boot.test.mock.mockito.ResetMocksTestExecutionListener@6d758e91]
20:58:32.717 [Test worker] DEBUG org.springframework.test.annotation.ProfileValueUtils - Retrieved @ProfileValueSourceConfiguration [null] for test class [com.prash.add.AddTest]
20:58:32.717 [Test worker] DEBUG org.springframework.test.annotation.ProfileValueUtils - Retrieved ProfileValueSource type [class org.springframework.test.annotation.SystemProfileValueSource] for class [com.prash.add.AddTest]
20:58:32.718 [Test worker] DEBUG org.springframework.test.annotation.ProfileValueUtils - Retrieved @ProfileValueSourceConfiguration [null] for test class [com.prash.add.AddTest]
20:58:32.719 [Test worker] DEBUG org.springframework.test.annotation.ProfileValueUtils - Retrieved ProfileValueSource type [class org.springframework.test.annotation.SystemProfileValueSource] for class [com.prash.add.AddTest]
20:58:32.723 [Test worker] DEBUG org.springframework.test.context.support.AbstractDirtiesContextTestExecutionListener - Before test class: context [DefaultTestContext@da937b6 testClass = AddTest, testInstance = [null], testMethod = [null], testException = [null], mergedContextConfiguration = [WebMergedContextConfiguration@3f06d65 testClass = AddTest, locations = '{}', classes = '{class com.prash.add.Add}', contextInitializerClasses = '[]', activeProfiles = '{}', propertySourceLocations = '{}', propertySourceProperties = '{org.springframework.boot.test.autoconfigure.web.servlet.WebMvcTestContextBootstrapper=true}', contextCustomizers = set[org.springframework.boot.test.autoconfigure.OverrideAutoConfigurationContextCustomizerFactory$DisableAutoConfigurationContextCustomizer@ccf7c91, org.springframework.boot.test.autoconfigure.filter.TypeExcludeFiltersContextCustomizer@7c17c1dd, org.springframework.boot.test.autoconfigure.properties.PropertyMappingContextCustomizer@b5e8affd, org.springframework.boot.test.autoconfigure.web.servlet.WebDriverContextCustomizerFactory$Customizer@2e0617aa, [ImportsContextCustomizer@20d3a701 key = [org.springframework.boot.autoconfigure.cache.CacheAutoConfiguration, org.springframework.boot.autoconfigure.context.MessageSourceAutoConfiguration, org.springframework.boot.autoconfigure.freemarker.FreeMarkerAutoConfiguration, org.springframework.boot.autoconfigure.groovy.template.GroovyTemplateAutoConfiguration, org.springframework.boot.autoconfigure.gson.GsonAutoConfiguration, org.springframework.boot.autoconfigure.hateoas.HypermediaAutoConfiguration, org.springframework.boot.autoconfigure.http.HttpMessageConvertersAutoConfiguration, org.springframework.boot.autoconfigure.jackson.JacksonAutoConfiguration, org.springframework.boot.autoconfigure.jsonb.JsonbAutoConfiguration, org.springframework.boot.autoconfigure.mustache.MustacheAutoConfiguration, org.springframework.boot.autoconfigure.thymeleaf.ThymeleafAutoConfiguration, org.springframework.boot.autoconfigure.validation.ValidationAutoConfiguration, org.springframework.boot.autoconfigure.web.servlet.error.ErrorMvcAutoConfiguration, org.springframework.boot.autoconfigure.web.servlet.WebMvcAutoConfiguration, org.springframework.boot.test.autoconfigure.web.servlet.MockMvcAutoConfiguration, org.springframework.boot.test.autoconfigure.web.servlet.MockMvcSecurityAutoConfiguration, org.springframework.boot.test.autoconfigure.web.servlet.MockMvcWebClientAutoConfiguration, org.springframework.boot.test.autoconfigure.web.servlet.MockMvcWebDriverAutoConfiguration]], org.springframework.boot.test.context.filter.ExcludeFilterContextCustomizer@7d4c96e2, org.springframework.boot.test.json.DuplicateJsonObjectContextCustomizerFactory$DuplicateJsonObjectContextCustomizer@e23594d, org.springframework.boot.test.mock.mockito.MockitoContextCustomizer@0], resourceBasePath = '', contextLoader = 'org.springframework.boot.test.context.SpringBootContextLoader', parent = [null]], attributes = map[[empty]]], class annotated with @DirtiesContext [false] with mode [null].
20:58:32.724 [Test worker] DEBUG org.springframework.test.annotation.ProfileValueUtils - Retrieved @ProfileValueSourceConfiguration [null] for test class [com.prash.add.AddTest]
20:58:32.724 [Test worker] DEBUG org.springframework.test.annotation.ProfileValueUtils - Retrieved ProfileValueSource type [class org.springframework.test.annotation.SystemProfileValueSource] for class [com.prash.add.AddTest]
20:58:32.728 [Test worker] DEBUG org.springframework.test.context.support.DependencyInjectionTestExecutionListener - Performing dependency injection for test context [[DefaultTestContext@da937b6 testClass = AddTest, testInstance = com.prash.add.AddTest@70760e22, testMethod = [null], testException = [null], mergedContextConfiguration = [WebMergedContextConfiguration@3f06d65 testClass = AddTest, locations = '{}', classes = '{class com.prash.add.Add}', contextInitializerClasses = '[]', activeProfiles = '{}', propertySourceLocations = '{}', propertySourceProperties = '{org.springframework.boot.test.autoconfigure.web.servlet.WebMvcTestContextBootstrapper=true}', contextCustomizers = set[org.springframework.boot.test.autoconfigure.OverrideAutoConfigurationContextCustomizerFactory$DisableAutoConfigurationContextCustomizer@ccf7c91, org.springframework.boot.test.autoconfigure.filter.TypeExcludeFiltersContextCustomizer@7c17c1dd, org.springframework.boot.test.autoconfigure.properties.PropertyMappingContextCustomizer@b5e8affd, org.springframework.boot.test.autoconfigure.web.servlet.WebDriverContextCustomizerFactory$Customizer@2e0617aa, [ImportsContextCustomizer@20d3a701 key = [org.springframework.boot.autoconfigure.cache.CacheAutoConfiguration, org.springframework.boot.autoconfigure.context.MessageSourceAutoConfiguration, org.springframework.boot.autoconfigure.freemarker.FreeMarkerAutoConfiguration, org.springframework.boot.autoconfigure.groovy.template.GroovyTemplateAutoConfiguration, org.springframework.boot.autoconfigure.gson.GsonAutoConfiguration, org.springframework.boot.autoconfigure.hateoas.HypermediaAutoConfiguration, org.springframework.boot.autoconfigure.http.HttpMessageConvertersAutoConfiguration, org.springframework.boot.autoconfigure.jackson.JacksonAutoConfiguration, org.springframework.boot.autoconfigure.jsonb.JsonbAutoConfiguration, org.springframework.boot.autoconfigure.mustache.MustacheAutoConfiguration, org.springframework.boot.autoconfigure.thymeleaf.ThymeleafAutoConfiguration, org.springframework.boot.autoconfigure.validation.ValidationAutoConfiguration, org.springframework.boot.autoconfigure.web.servlet.error.ErrorMvcAutoConfiguration, org.springframework.boot.autoconfigure.web.servlet.WebMvcAutoConfiguration, org.springframework.boot.test.autoconfigure.web.servlet.MockMvcAutoConfiguration, org.springframework.boot.test.autoconfigure.web.servlet.MockMvcSecurityAutoConfiguration, org.springframework.boot.test.autoconfigure.web.servlet.MockMvcWebClientAutoConfiguration, org.springframework.boot.test.autoconfigure.web.servlet.MockMvcWebDriverAutoConfiguration]], org.springframework.boot.test.context.filter.ExcludeFilterContextCustomizer@7d4c96e2, org.springframework.boot.test.json.DuplicateJsonObjectContextCustomizerFactory$DuplicateJsonObjectContextCustomizer@e23594d, org.springframework.boot.test.mock.mockito.MockitoContextCustomizer@0], resourceBasePath = '', contextLoader = 'org.springframework.boot.test.context.SpringBootContextLoader', parent = [null]], attributes = map[[empty]]]].
20:58:32.755 [Test worker] DEBUG org.springframework.core.env.StandardEnvironment - Adding PropertySource 'systemProperties' with lowest search precedence
20:58:32.755 [Test worker] DEBUG org.springframework.core.env.StandardEnvironment - Adding PropertySource 'systemEnvironment' with lowest search precedence
20:58:32.755 [Test worker] DEBUG org.springframework.core.env.StandardEnvironment - Initialized StandardEnvironment with PropertySources [MapPropertySource@1935411519 {name='systemProperties', properties={java.runtime.name=Java(TM) SE Runtime Environment, sun.boot.library.path=/Library/Java/JavaVirtualMachines/jdk1.8.0_162.jdk/Contents/Home/jre/lib, java.vm.version=25.162-b12, gopherProxySet=false, java.vm.vendor=Oracle Corporation, java.vendor.url=http://java.oracle.com/, path.separator=:, java.vm.name=Java HotSpot(TM) 64-Bit Server VM, file.encoding.pkg=sun.io, sun.java.launcher=SUN_STANDARD, user.country=US, sun.os.patch.level=unknown, java.vm.specification.name=Java Virtual Machine Specification, user.dir=/Users/Prashanth/Documents/WORKSPACE/VSCODE-JAVA/calculator-add, java.runtime.version=1.8.0_162-b12, java.awt.graphicsenv=sun.awt.CGraphicsEnvironment, java.endorsed.dirs=/Library/Java/JavaVirtualMachines/jdk1.8.0_162.jdk/Contents/Home/jre/lib/endorsed, os.arch=x86_64, java.io.tmpdir=/var/folders/r1/k5q_0ctd51z7qnk_bc2ndlvc0000gs/T/, line.separator=
, java.vm.specification.vendor=Oracle Corporation, user.variant=, os.name=Mac OS X, sun.jnu.encoding=UTF-8, java.library.path=/Users/Prashanth/Library/Java/Extensions:/Library/Java/Extensions:/Network/Library/Java/Extensions:/System/Library/Java/Extensions:/usr/lib/java:., java.specification.name=Java Platform API Specification, java.class.version=52.0, org.gradle.native=false, sun.management.compiler=HotSpot 64-Bit Tiered Compilers, os.version=10.13.3, http.nonProxyHosts=local|*.local|169.254/16|*.169.254/16, user.home=/Users/Prashanth, user.timezone=America/New_York, java.awt.printerjob=sun.lwawt.macosx.CPrinterJob, file.encoding=UTF-8, java.specification.version=1.8, java.class.path=/Users/Prashanth/Documents/WORKSPACE/VSCODE-JAVA/calculator-add/build/classes/java/test:/Users/Prashanth/Documents/WORKSPACE/VSCODE-JAVA/calculator-add/build/resources/test:/Users/Prashanth/Documents/WORKSPACE/VSCODE-JAVA/calculator-add/build/classes/java/main:/Users/Prashanth/Documents/WORKSPACE/VSCODE-JAVA/calculator-add/build/resources/main:/Users/Prashanth/.gradle/caches/modules-2/files-2.1/org.springframework.boot/spring-boot-starter-web/2.0.0.RELEASE/fcb2a9e18f98382e626935841f85ed44d7153615/spring-boot-starter-web-2.0.0.RELEASE.jar:/Users/Prashanth/.gradle/caches/modules-2/files-2.1/org.springframework.boot/spring-boot-starter-test/2.0.0.RELEASE/4ff0e1d9bd315a4a5867e9c6128691cac8b37348/spring-boot-starter-test-2.0.0.RELEASE.jar:/Users/Prashanth/.gradle/caches/modules-2/files-2.1/org.springframework.boot/spring-boot-starter-json/2.0.0.RELEASE/5a09c939d8bd60d7f163c1c0c20a3127ba9fffa/spring-boot-starter-json-2.0.0.RELEASE.jar:/Users/Prashanth/.gradle/caches/modules-2/files-2.1/org.springframework.boot/spring-boot-starter/2.0.0.RELEASE/6d7d8e4bf053cd1833f3c7dbce676bc274f0892f/spring-boot-starter-2.0.0.RELEASE.jar:/Users/Prashanth/.gradle/caches/modules-2/files-2.1/org.springframework.boot/spring-boot-starter-tomcat/2.0.0.RELEASE/908bc9de1a7cfa857edf44182d426f6e0d8a3008/spring-boot-starter-tomcat-2.0.0.RELEASE.jar:/Users/Prashanth/.gradle/caches/modules-2/files-2.1/org.hibernate.validator/hibernate-validator/6.0.7.Final/8b9d9c7ec8c73963ea0fe81912fc67711a4ef76/hibernate-validator-6.0.7.Final.jar:/Users/Prashanth/.gradle/caches/modules-2/files-2.1/org.springframework/spring-webmvc/5.0.4.RELEASE/addcf1caa22613c474bd6dde8c7134fef940b1f0/spring-webmvc-5.0.4.RELEASE.jar:/Users/Prashanth/.gradle/caches/modules-2/files-2.1/org.springframework/spring-web/5.0.4.RELEASE/9565bbc67bf1a850a6505deaa5103931712a7b80/spring-web-5.0.4.RELEASE.jar:/Users/Prashanth/.gradle/caches/modules-2/files-2.1/org.springframework.boot/spring-boot-test-autoconfigure/2.0.0.RELEASE/db0595321e96929d9473cf061f3408972d03c6aa/spring-boot-test-autoconfigure-2.0.0.RELEASE.jar:/Users/Prashanth/.gradle/caches/modules-2/files-2.1/org.springframework.boot/spring-boot-test/2.0.0.RELEASE/1565e78c2801bd3c7ece0a8ddc08e5ed53676878/spring-boot-test-2.0.0.RELEASE.jar:/Users/Prashanth/.gradle/caches/modules-2/files-2.1/com.jayway.jsonpath/json-path/2.4.0/765a4401ceb2dc8d40553c2075eb80a8fa35c2ae/json-path-2.4.0.jar:/Users/Prashanth/.gradle/caches/modules-2/files-2.1/junit/junit/4.12/2973d150c0dc1fefe998f834810d68f278ea58ec/junit-4.12.jar:/Users/Prashanth/.gradle/caches/modules-2/files-2.1/org.assertj/assertj-core/3.9.1/c5ce126b15f28d56cd8f960c1a6a058b9c9aea87/assertj-core-3.9.1.jar:/Users/Prashanth/.gradle/caches/modules-2/files-2.1/org.mockito/mockito-core/2.15.0/b84bfbbc29cd22c9529409627af6ea2897f4fa85/mockito-core-2.15.0.jar:/Users/Prashanth/.gradle/caches/modules-2/files-2.1/org.hamcrest/hamcrest-library/1.3/4785a3c21320980282f9f33d0d1264a69040538f/hamcrest-library-1.3.jar:/Users/Prashanth/.gradle/caches/modules-2/files-2.1/org.hamcrest/hamcrest-core/1.3/42a25dc3219429f0e5d060061f71acb49bf010a0/hamcrest-core-1.3.jar:/Users/Prashanth/.gradle/caches/modules-2/files-2.1/org.skyscreamer/jsonassert/1.5.0/6c9d5fe2f59da598d9aefc1cfc6528ff3cf32df3/jsonassert-1.5.0.jar:/Users/Prashanth/.gradle/caches/modules-2/files-2.1/org.springframework/spring-test/5.0.4.RELEASE/3fc10b6535a113593fa8780951465012a7677e21/spring-test-5.0.4.RELEASE.jar:/Users/Prashanth/.gradle/caches/modules-2/files-2.1/org.springframework.boot/spring-boot-autoconfigure/2.0.0.RELEASE/c89896a469ecf92996ecba40755919896ace5470/spring-boot-autoconfigure-2.0.0.RELEASE.jar:/Users/Prashanth/.gradle/caches/modules-2/files-2.1/org.springframework.boot/spring-boot/2.0.0.RELEASE/771da2071ff14a47f108642a641c204ae4ef7b15/spring-boot-2.0.0.RELEASE.jar:/Users/Prashanth/.gradle/caches/modules-2/files-2.1/org.springframework/spring-context/5.0.4.RELEASE/3e76d08c851113077642c5704f0f94d5ce58e905/spring-context-5.0.4.RELEASE.jar:/Users/Prashanth/.gradle/caches/modules-2/files-2.1/org.springframework/spring-expression/5.0.4.RELEASE/4bda161f2e34c1486f2527a23eb47293567f473c/spring-expression-5.0.4.RELEASE.jar:/Users/Prashanth/.gradle/caches/modules-2/files-2.1/org.springframework/spring-aop/5.0.4.RELEASE/f8e029e54c0267dadb6b9f713f3feb54ec4f3a0e/spring-aop-5.0.4.RELEASE.jar:/Users/Prashanth/.gradle/caches/modules-2/files-2.1/org.springframework/spring-beans/5.0.4.RELEASE/7a8c3d48d4c33621e64d1399721d8e067450fcbd/spring-beans-5.0.4.RELEASE.jar:/Users/Prashanth/.gradle/caches/modules-2/files-2.1/org.springframework/spring-core/5.0.4.RELEASE/2221a957b5561a34f044350ba4e30ef5870254a3/spring-core-5.0.4.RELEASE.jar:/Users/Prashanth/.gradle/caches/modules-2/files-2.1/org.xmlunit/xmlunit-core/2.5.1/4ffdb346572a7356f7521cd3119ce5287d2e339d/xmlunit-core-2.5.1.jar:/Users/Prashanth/.gradle/caches/modules-2/files-2.1/org.springframework.boot/spring-boot-starter-logging/2.0.0.RELEASE/fe939b71659ef1f98a53cce0b5bcf771685cf6a6/spring-boot-starter-logging-2.0.0.RELEASE.jar:/Users/Prashanth/.gradle/caches/modules-2/files-2.1/javax.annotation/javax.annotation-api/1.3.2/934c04d3cfef185a8008e7bf34331b79730a9d43/javax.annotation-api-1.3.2.jar:/Users/Prashanth/.gradle/caches/modules-2/files-2.1/org.yaml/snakeyaml/1.19/2d998d3d674b172a588e54ab619854d073f555b5/snakeyaml-1.19.jar:/Users/Prashanth/.gradle/caches/modules-2/files-2.1/com.fasterxml.jackson.datatype/jackson-datatype-jdk8/2.9.4/63ac052d52a70a15820d3dc07ea757826fd51d40/jackson-datatype-jdk8-2.9.4.jar:/Users/Prashanth/.gradle/caches/modules-2/files-2.1/com.fasterxml.jackson.datatype/jackson-datatype-jsr310/2.9.4/12d52679a6615c7972ea25bd8ebb60b191fe79b7/jackson-datatype-jsr310-2.9.4.jar:/Users/Prashanth/.gradle/caches/modules-2/files-2.1/com.fasterxml.jackson.module/jackson-module-parameter-names/2.9.4/5833c819877c3e85bad847f4d2fa4e70379217c6/jackson-module-parameter-names-2.9.4.jar:/Users/Prashanth/.gradle/caches/modules-2/files-2.1/com.fasterxml.jackson.core/jackson-databind/2.9.4/498bbc3b94f566982c7f7c6d4d303fce365529be/jackson-databind-2.9.4.jar:/Users/Prashanth/.gradle/caches/modules-2/files-2.1/org.apache.tomcat.embed/tomcat-embed-websocket/8.5.28/8a5a48740dd80cad644ceb541e77fd8e0809e3b7/tomcat-embed-websocket-8.5.28.jar:/Users/Prashanth/.gradle/caches/modules-2/files-2.1/org.apache.tomcat.embed/tomcat-embed-core/8.5.28/b684c98cf77c6528079c4e59fc1feeb218bf82f1/tomcat-embed-core-8.5.28.jar:/Users/Prashanth/.gradle/caches/modules-2/files-2.1/org.apache.tomcat.embed/tomcat-embed-el/8.5.28/75745598f60646ccf0c4b105468a9c8be9b8432e/tomcat-embed-el-8.5.28.jar:/Users/Prashanth/.gradle/caches/modules-2/files-2.1/javax.validation/validation-api/2.0.1.Final/cb855558e6271b1b32e716d24cb85c7f583ce09e/validation-api-2.0.1.Final.jar:/Users/Prashanth/.gradle/caches/modules-2/files-2.1/org.jboss.logging/jboss-logging/3.3.2.Final/3789d00e859632e6c6206adc0c71625559e6e3b0/jboss-logging-3.3.2.Final.jar:/Users/Prashanth/.gradle/caches/modules-2/files-2.1/com.fasterxml/classmate/1.3.4/3d5f48f10bbe4eb7bd862f10c0583be2e0053c6/classmate-1.3.4.jar:/Users/Prashanth/.gradle/caches/modules-2/files-2.1/net.minidev/json-smart/2.3/7396407491352ce4fa30de92efb158adb76b5b/json-smart-2.3.jar:/Users/Prashanth/.gradle/caches/modules-2/files-2.1/ch.qos.logback/logback-classic/1.2.3/7c4f3c474fb2c041d8028740440937705ebb473a/logback-classic-1.2.3.jar:/Users/Prashanth/.gradle/caches/modules-2/files-2.1/org.apache.logging.log4j/log4j-to-slf4j/2.10.0/f7e631ccf49cfc0aefa4a2a728da7d374c05bd3c/log4j-to-slf4j-2.10.0.jar:/Users/Prashanth/.gradle/caches/modules-2/files-2.1/org.slf4j/jul-to-slf4j/1.7.25/af5364cd6679bfffb114f0dec8a157aaa283b76/jul-to-slf4j-1.7.25.jar:/Users/Prashanth/.gradle/caches/modules-2/files-2.1/org.slf4j/slf4j-api/1.7.25/da76ca59f6a57ee3102f8f9bd9cee742973efa8a/slf4j-api-1.7.25.jar:/Users/Prashanth/.gradle/caches/modules-2/files-2.1/net.bytebuddy/byte-buddy/1.7.10/3c8ec287c0a5bd04b1e3f11723bc46a50346602b/byte-buddy-1.7.10.jar:/Users/Prashanth/.gradle/caches/modules-2/files-2.1/net.bytebuddy/byte-buddy-agent/1.7.10/9b092a8fb9112b89f6cb23fc929cfb931b14007b/byte-buddy-agent-1.7.10.jar:/Users/Prashanth/.gradle/caches/modules-2/files-2.1/org.objenesis/objenesis/2.6/639033469776fd37c08358c6b92a4761feb2af4b/objenesis-2.6.jar:/Users/Prashanth/.gradle/caches/modules-2/files-2.1/com.vaadin.external.google/android-json/0.0.20131108.vaadin1/fa26d351fe62a6a17f5cda1287c1c6110dec413f/android-json-0.0.20131108.vaadin1.jar:/Users/Prashanth/.gradle/caches/modules-2/files-2.1/org.springframework/spring-jcl/5.0.4.RELEASE/3053e2bad0a18571bdbb9596ce51f9d458f5934f/spring-jcl-5.0.4.RELEASE.jar:/Users/Prashanth/.gradle/caches/modules-2/files-2.1/com.fasterxml.jackson.core/jackson-annotations/2.9.0/7c10d545325e3a6e72e06381afe469fd40eb701/jackson-annotations-2.9.0.jar:/Users/Prashanth/.gradle/caches/modules-2/files-2.1/com.fasterxml.jackson.core/jackson-core/2.9.4/a9a71ec1aa37da47db168fede9a4a5fb5e374320/jackson-core-2.9.4.jar:/Users/Prashanth/.gradle/caches/modules-2/files-2.1/net.minidev/accessors-smart/1.2/c592b500269bfde36096641b01238a8350f8aa31/accessors-smart-1.2.jar:/Users/Prashanth/.gradle/caches/modules-2/files-2.1/ch.qos.logback/logback-core/1.2.3/864344400c3d4d92dfeb0a305dc87d953677c03c/logback-core-1.2.3.jar:/Users/Prashanth/.gradle/caches/modules-2/files-2.1/org.apache.logging.log4j/log4j-api/2.10.0/fec5797a55b786184a537abd39c3fa1449d752d6/log4j-api-2.10.0.jar:/Users/Prashanth/.gradle/caches/modules-2/files-2.1/org.ow2.asm/asm/5.0.4/da08b8cce7bbf903602a25a3a163ae252435795/asm-5.0.4.jar, user.name=Prashanth, java.vm.specification.version=1.8, sun.java.command=worker.org.gradle.process.internal.worker.GradleWorkerMain 'Gradle Test Executor 1', java.home=/Library/Java/JavaVirtualMachines/jdk1.8.0_162.jdk/Contents/Home/jre, sun.arch.data.model=64, user.language=en, java.specification.vendor=Oracle Corporation, awt.toolkit=sun.lwawt.macosx.LWCToolkit, java.vm.info=mixed mode, java.version=1.8.0_162, java.ext.dirs=/Users/Prashanth/Library/Java/Extensions:/Library/Java/JavaVirtualMachines/jdk1.8.0_162.jdk/Contents/Home/jre/lib/ext:/Library/Java/Extensions:/Network/Library/Java/Extensions:/System/Library/Java/Extensions:/usr/lib/java, sun.boot.class.path=/Library/Java/JavaVirtualMachines/jdk1.8.0_162.jdk/Contents/Home/jre/lib/resources.jar:/Library/Java/JavaVirtualMachines/jdk1.8.0_162.jdk/Contents/Home/jre/lib/rt.jar:/Library/Java/JavaVirtualMachines/jdk1.8.0_162.jdk/Contents/Home/jre/lib/sunrsasign.jar:/Library/Java/JavaVirtualMachines/jdk1.8.0_162.jdk/Contents/Home/jre/lib/jsse.jar:/Library/Java/JavaVirtualMachines/jdk1.8.0_162.jdk/Contents/Home/jre/lib/jce.jar:/Library/Java/JavaVirtualMachines/jdk1.8.0_162.jdk/Contents/Home/jre/lib/charsets.jar:/Library/Java/JavaVirtualMachines/jdk1.8.0_162.jdk/Contents/Home/jre/lib/jfr.jar:/Library/Java/JavaVirtualMachines/jdk1.8.0_162.jdk/Contents/Home/jre/classes, java.vendor=Oracle Corporation, org.gradle.test.worker=1, file.separator=/, java.vendor.url.bug=http://bugreport.sun.com/bugreport/, sun.io.unicode.encoding=UnicodeBig, sun.cpu.endian=little, socksNonProxyHosts=local|*.local|169.254/16|*.169.254/16, ftp.nonProxyHosts=local|*.local|169.254/16|*.169.254/16, sun.cpu.isalist=}}, SystemEnvironmentPropertySource@851928633 {name='systemEnvironment', properties={PATH=/usr/local/bin:/usr/bin:/bin:/usr/sbin:/sbin:/Users/Prashanth/Documents/SOFTWARE/apache-maven/bin:/opt/gradle/gradle-4.6/bin, JAVA_ARCH=x86_64, JAVA_MAIN_CLASS_82500=worker.org.gradle.process.internal.worker.GradleWorkerMain, TERM=xterm-256color, LANG=en_US.UTF-8, APP_NAME_82479=Gradle, LOGNAME=Prashanth, XPC_SERVICE_NAME=0, PWD=/Users/Prashanth/Documents/Workspace/VSCODE-JAVA/calculator-add, TERM_PROGRAM_VERSION=400, SHELL=/bin/bash, TERM_PROGRAM=Apple_Terminal, SECURITYSESSIONID=186a8, OLDPWD=/opt/gradle/gradle-4.6, USER=Prashanth, JAVA_MAIN_CLASS_82479=org.gradle.launcher.GradleMain, TMPDIR=/var/folders/r1/k5q_0ctd51z7qnk_bc2ndlvc0000gs/T/, SSH_AUTH_SOCK=/private/tmp/com.apple.launchd.jYm8GE2gmQ/Listeners, XPC_FLAGS=0x0, TERM_SESSION_ID=799A72BD-740D-4DD7-96DF-17CD8DE57CD9, __CF_USER_TEXT_ENCODING=0x1F9:0x0:0x0, Apple_PubSub_Socket_Render=/private/tmp/com.apple.launchd.9cFE9wVfJI/Render, com.apple.java.jvmTask=CommandLine, APP_ICON_82479=/opt/gradle/gradle-4.6/media/gradle.icns, SHLVL=1, HOME=/Users/Prashanth}}]
20:58:32.892 [Test worker] DEBUG org.springframework.test.context.support.TestPropertySourceUtils - Adding inlined properties to environment: {spring.jmx.enabled=false, org.springframework.boot.test.autoconfigure.web.servlet.WebMvcTestContextBootstrapper=true, server.port=-1}
20:58:32.892 [Test worker] DEBUG org.springframework.core.env.StandardEnvironment - Adding PropertySource 'Inlined Test Properties' with highest search precedence

  .   ____          _            __ _ _
 /\\ / ___'_ __ _ _(_)_ __  __ _ \ \ \ \
( ( )\___ | '_ | '_| | '_ \/ _` | \ \ \ \
 \\/  ___)| |_)| | | | | || (_| |  ) ) ) )
  '  |____| .__|_| |_|_| |_\__, | / / / /
 =========|_|==============|___/=/_/_/_/
 :: Spring Boot ::        (v2.0.0.RELEASE)

2018-04-26 20:58:33.292  INFO 82500 --- [    Test worker] com.prash.add.AddTest                    : Starting AddTest on MACLTUS49928 with PID 82500 (started by Prashanth in /Users/Prashanth/Documents/WORKSPACE/VSCODE-JAVA/calculator-add)
2018-04-26 20:58:33.301  INFO 82500 --- [    Test worker] com.prash.add.AddTest                    : No active profile set, falling back to default profiles: default
2018-04-26 20:58:33.339  INFO 82500 --- [    Test worker] o.s.w.c.s.GenericWebApplicationContext   : Refreshing org.springframework.web.context.support.GenericWebApplicationContext@323c5dc9: startup date [Thu Apr 26 20:58:33 EDT 2018]; root of context hierarchy
2018-04-26 20:58:35.016  INFO 82500 --- [    Test worker] s.w.s.m.m.a.RequestMappingHandlerAdapter : Looking for @ControllerAdvice: org.springframework.web.context.support.GenericWebApplicationContext@323c5dc9: startup date [Thu Apr 26 20:58:33 EDT 2018]; root of context hierarchy
2018-04-26 20:58:35.150  INFO 82500 --- [    Test worker] s.w.s.m.m.a.RequestMappingHandlerMapping : Mapped "{[/add/API]}" onto java.lang.String com.prash.add.Add.addAPI()
2018-04-26 20:58:35.152  INFO 82500 --- [    Test worker] s.w.s.m.m.a.RequestMappingHandlerMapping : Mapped "{[/add/{param1}/{param2}]}" onto int com.prash.add.Add.addPathStyle(int,int)
2018-04-26 20:58:35.153  INFO 82500 --- [    Test worker] s.w.s.m.m.a.RequestMappingHandlerMapping : Mapped "{[/add]}" onto int com.prash.add.Add.addParamStyle(int,int)
2018-04-26 20:58:35.154  INFO 82500 --- [    Test worker] s.w.s.m.m.a.RequestMappingHandlerMapping : Mapped "{[/add/JSON],methods=[POST]}" onto com.prash.add.AddDO com.prash.add.Add.addJSONStyle(com.prash.add.AddDO)
2018-04-26 20:58:35.157  INFO 82500 --- [    Test worker] s.w.s.m.m.a.RequestMappingHandlerMapping : Mapped "{[/error]}" onto public org.springframework.http.ResponseEntity<java.util.Map<java.lang.String, java.lang.Object>> org.springframework.boot.autoconfigure.web.servlet.error.BasicErrorController.error(javax.servlet.http.HttpServletRequest)
2018-04-26 20:58:35.159  INFO 82500 --- [    Test worker] s.w.s.m.m.a.RequestMappingHandlerMapping : Mapped "{[/error],produces=[text/html]}" onto public org.springframework.web.servlet.ModelAndView org.springframework.boot.autoconfigure.web.servlet.error.BasicErrorController.errorHtml(javax.servlet.http.HttpServletRequest,javax.servlet.http.HttpServletResponse)
2018-04-26 20:58:35.201  INFO 82500 --- [    Test worker] o.s.w.s.handler.SimpleUrlHandlerMapping  : Mapped URL path [/webjars/**] onto handler of type [class org.springframework.web.servlet.resource.ResourceHttpRequestHandler]
2018-04-26 20:58:35.202  INFO 82500 --- [    Test worker] o.s.w.s.handler.SimpleUrlHandlerMapping  : Mapped URL path [/**] onto handler of type [class org.springframework.web.servlet.resource.ResourceHttpRequestHandler]
2018-04-26 20:58:35.252  INFO 82500 --- [    Test worker] o.s.w.s.handler.SimpleUrlHandlerMapping  : Mapped URL path [/**/favicon.ico] onto handler of type [class org.springframework.web.servlet.resource.ResourceHttpRequestHandler]
2018-04-26 20:58:35.366  INFO 82500 --- [    Test worker] o.s.b.t.m.w.SpringBootMockServletContext : Initializing Spring FrameworkServlet ''
2018-04-26 20:58:35.366  INFO 82500 --- [    Test worker] o.s.t.web.servlet.TestDispatcherServlet  : FrameworkServlet '': initialization started
2018-04-26 20:58:35.380  INFO 82500 --- [    Test worker] o.s.t.web.servlet.TestDispatcherServlet  : FrameworkServlet '': initialization completed in 14 ms
2018-04-26 20:58:35.506  INFO 82500 --- [    Test worker] com.prash.add.AddTest                    : Started AddTest in 2.6 seconds (JVM running for 3.907)
]]></system-out>
  <system-err><![CDATA[]]></system-err>
</testsuite>
